Arguments: 
  C:\Program Files\nodejs\node.exe C:\Program Files (x86)\Yarn\bin\yarn.js add app2.css

PATH: 
  C:\Program Files (x86)\VMware\VMware Workstation\bin\;C:\Program Files\Java\jdk-16.0.2\bin;C:\Program Files\Java\jdk-16.0.2\jre\bin;C:\Program Files (x86)\Microsoft Visual Studio 9.0\Common7\IDE\PrivateAssemblies\;C:\Program Files\nodejs\;C:\Program Files (x86)\Yarn\bin\;C:\Windows\System32;C:\Users\76450\AppData\npm;C:\Program Files\Git\bin;D:\mingw64\bin;D:\软件\vscose\c\mingw64\bin;C:\Users\76450\AppData\Local\Microsoft\WindowsApps;C:\Users\76450\AppData\Roaming\npm;D:\软件\vscose\Microsoft VS Code\bin;C:\Users\76450\AppData\Local\Yarn\bin;C:\Program Files\JetBrains\WebStorm 2021.3.2\bin;

Yarn version: 
  1.22.5

Node version: 
  14.18.0

Platform: 
  win32 x64

Trace: 
  Error: https://registry.npm.taobao.org/app2.css: [NOT_FOUND] app2.css not found
      at Request.params.callback [as _callback] (C:\Program Files (x86)\Yarn\lib\cli.js:66097:18)
      at Request.self.callback (C:\Program Files (x86)\Yarn\lib\cli.js:140749:22)
      at Request.emit (events.js:400:28)
      at Request.<anonymous> (C:\Program Files (x86)\Yarn\lib\cli.js:141721:10)
      at Request.emit (events.js:400:28)
      at Gunzip.<anonymous> (C:\Program Files (x86)\Yarn\lib\cli.js:141643:12)
      at Object.onceWrapper (events.js:519:28)
      at Gunzip.emit (events.js:400:28)
      at endReadableNT (internal/streams/readable.js:1334:12)
      at processTicksAndRejections (internal/process/task_queues.js:82:21)

npm manifest: 
  {
    "name": "48-MVC",
    "version": "1.0.0",
    "main": "index.js",
    "license": "MIT",
    "dependencies": {
      "jquery": "^3.6.0"
    }
  }

yarn manifest: 
  No manifest

Lockfile: 
  # THIS IS AN AUTOGENERATED FILE. DO NOT EDIT THIS FILE DIRECTLY.
  # yarn lockfile v1
  
  
  jquery@^3.6.0:
    version "3.6.0"
    resolved "https://registry.npmmirror.com/jquery/-/jquery-3.6.0.tgz#c72a09f15c1bdce142f49dbf1170bdf8adac2470"
    integrity sha512-JVzAR/AjBvVt2BmYhxRCSYysDsPcssdmTFnzyLEts9qNwmjmu4JTAMYubEfwVOSwpQ1I1sKKFcxhZCI2buerfw==
